[debug] [2025-02-13T02:33:05.487Z] ----------------------------------------------------------------------
[debug] [2025-02-13T02:33:05.491Z] Command:       C:\Program Files\nodejs\node.exe C:\Program Files\nodejs\node_modules\firebase-tools\lib\bin\firebase.js init
[debug] [2025-02-13T02:33:05.492Z] CLI Version:   13.29.1
[debug] [2025-02-13T02:33:05.492Z] Platform:      win32
[debug] [2025-02-13T02:33:05.492Z] Node Version:  v20.11.0
[debug] [2025-02-13T02:33:05.492Z] Time:          Thu Feb 13 2025 08:03:05 GMT+0530 (India Standard Time)
[debug] [2025-02-13T02:33:05.492Z] ----------------------------------------------------------------------
[debug] 
[debug] [2025-02-13T02:33:05.589Z] > command requires scopes: ["email","openid","https://www.googleapis.com/auth/cloudplatformprojects.readonly","https://www.googleapis.com/auth/firebase","https://www.googleapis.com/auth/cloud-platform"]
[debug] [2025-02-13T02:33:05.590Z] > authorizing via signed-in user (palak8856@gmail.com)
[info] 
     ######## #### ########  ######## ########     ###     ######  ########
     ##        ##  ##     ## ##       ##     ##  ##   ##  ##       ##
     ######    ##  ########  ######   ########  #########  ######  ######
     ##        ##  ##    ##  ##       ##     ## ##     ##       ## ##
     ##       #### ##     ## ######## ########  ##     ##  ######  ########

You're about to initialize a Firebase project in this directory:

  D:\Angular Assessment-3 Palak\Inventory-Management\inventory-management

Before we get started, keep in mind:

  * You are initializing within an existing Firebase project directory

[info] 
=== Project Setup
[info] 
[info] First, let's associate this project directory with a Firebase project.
[info] You can create multiple project aliases by running firebase use --add, 
[info] but for now we'll just set up a default project.
[info] 
[debug] [2025-02-13T02:33:19.344Z] Using project from CLI flag: inventory-management-dfb47
[debug] [2025-02-13T02:33:19.346Z] Checked if tokens are valid: true, expires at: 1739417367227
[debug] [2025-02-13T02:33:19.346Z] Checked if tokens are valid: true, expires at: 1739417367227
[debug] [2025-02-13T02:33:19.348Z] >>> [apiv2][query] GET https://firebase.googleapis.com/v1beta1/projects/inventory-management-dfb47 [none]
[debug] [2025-02-13T02:33:19.922Z] <<< [apiv2][status] GET https://firebase.googleapis.com/v1beta1/projects/inventory-management-dfb47 200
[debug] [2025-02-13T02:33:19.922Z] <<< [apiv2][body] GET https://firebase.googleapis.com/v1beta1/projects/inventory-management-dfb47 {"projectId":"inventory-management-dfb47","projectNumber":"270920765782","displayName":"inventory-management","name":"projects/inventory-management-dfb47","resources":{"hostingSite":"inventory-management-dfb47","realtimeDatabaseInstance":"inventory-management-dfb47-default-rtdb"},"state":"ACTIVE","etag":"1_9537525b-6667-4e44-9af4-3dad019fe9fd"}
[info] i  Using project inventory-management-dfb47 (inventory-management) 
[info] 
=== Firestore Setup
[debug] [2025-02-13T02:33:19.937Z] Checked if tokens are valid: true, expires at: 1739417367227
[debug] [2025-02-13T02:33:19.937Z] Checked if tokens are valid: true, expires at: 1739417367227
[debug] [2025-02-13T02:33:19.938Z] >>> [apiv2][query] GET https://serviceusage.googleapis.com/v1/projects/inventory-management-dfb47/services/firestore.googleapis.com [none]
[debug] [2025-02-13T02:33:19.938Z] >>> [apiv2][(partial)header] GET https://serviceusage.googleapis.com/v1/projects/inventory-management-dfb47/services/firestore.googleapis.com x-goog-quota-user=projects/inventory-management-dfb47
[debug] [2025-02-13T02:33:21.783Z] <<< [apiv2][status] GET https://serviceusage.googleapis.com/v1/projects/inventory-management-dfb47/services/firestore.googleapis.com 200
[debug] [2025-02-13T02:33:21.783Z] <<< [apiv2][body] GET https://serviceusage.googleapis.com/v1/projects/inventory-management-dfb47/services/firestore.googleapis.com [omitted]
[debug] [2025-02-13T02:33:21.784Z] Checked if tokens are valid: true, expires at: 1739417367227
[debug] [2025-02-13T02:33:21.784Z] Checked if tokens are valid: true, expires at: 1739417367227
[debug] [2025-02-13T02:33:21.784Z] >>> [apiv2][query] GET https://firestore.googleapis.com/v1/projects/inventory-management-dfb47/databases/(default) [none]
[debug] [2025-02-13T02:33:23.649Z] <<< [apiv2][status] GET https://firestore.googleapis.com/v1/projects/inventory-management-dfb47/databases/(default) 200
[debug] [2025-02-13T02:33:23.650Z] <<< [apiv2][body] GET https://firestore.googleapis.com/v1/projects/inventory-management-dfb47/databases/(default) {"name":"projects/inventory-management-dfb47/databases/(default)","uid":"5360c976-6156-4db3-9553-03daa5320eb9","createTime":"2025-02-13T02:32:14.658114Z","updateTime":"2025-02-13T02:32:14.658114Z","locationId":"nam5","type":"FIRESTORE_NATIVE","concurrencyMode":"PESSIMISTIC","versionRetentionPeriod":"3600s","earliestVersionTime":"2025-02-13T02:32:14.658114Z","appEngineIntegrationMode":"DISABLED","keyPrefix":"s","pointInTimeRecoveryEnablement":"POINT_IN_TIME_RECOVERY_DISABLED","deleteProtectionState":"DELETE_PROTECTION_DISABLED","databaseEdition":"STANDARD","etag":"IN7BwI7Ov4sDMMKkxe3Nv4sD"}
[debug] [2025-02-13T02:33:23.650Z] database_type: FIRESTORE_NATIVE
[debug] [2025-02-13T02:33:23.650Z] database_type: FIRESTORE_NATIVE
[debug] [2025-02-13T02:33:23.651Z] > command requires scopes: ["email","openid","https://www.googleapis.com/auth/cloudplatformprojects.readonly","https://www.googleapis.com/auth/firebase","https://www.googleapis.com/auth/cloud-platform"]
[debug] [2025-02-13T02:33:23.651Z] > authorizing via signed-in user (palak8856@gmail.com)
[debug] [2025-02-13T02:33:23.651Z] [iam] checking project inventory-management-dfb47 for permissions ["firebase.projects.get"]
[debug] [2025-02-13T02:33:23.652Z] Checked if tokens are valid: true, expires at: 1739417367227
[debug] [2025-02-13T02:33:23.652Z] Checked if tokens are valid: true, expires at: 1739417367227
[debug] [2025-02-13T02:33:23.652Z] >>> [apiv2][query] POST https://cloudresourcemanager.googleapis.com/v1/projects/inventory-management-dfb47:testIamPermissions [none]
[debug] [2025-02-13T02:33:23.652Z] >>> [apiv2][(partial)header] POST https://cloudresourcemanager.googleapis.com/v1/projects/inventory-management-dfb47:testIamPermissions x-goog-quota-user=projects/inventory-management-dfb47
[debug] [2025-02-13T02:33:23.652Z] >>> [apiv2][body] POST https://cloudresourcemanager.googleapis.com/v1/projects/inventory-management-dfb47:testIamPermissions {"permissions":["firebase.projects.get"]}
[debug] [2025-02-13T02:33:25.134Z] <<< [apiv2][status] POST https://cloudresourcemanager.googleapis.com/v1/projects/inventory-management-dfb47:testIamPermissions 200
[debug] [2025-02-13T02:33:25.134Z] <<< [apiv2][body] POST https://cloudresourcemanager.googleapis.com/v1/projects/inventory-management-dfb47:testIamPermissions {"permissions":["firebase.projects.get"]}
[info] 
[info] Firestore Security Rules allow you to define how and when to allow
[info] requests. You can keep these rules in your project directory
[info] and publish them with firebase deploy.
[info] 
[debug] [2025-02-13T02:33:31.877Z] Checked if tokens are valid: true, expires at: 1739417367227
[debug] [2025-02-13T02:33:31.877Z] Checked if tokens are valid: true, expires at: 1739417367227
[debug] [2025-02-13T02:33:31.878Z] >>> [apiv2][query] GET https://firebaserules.googleapis.com/v1/projects/inventory-management-dfb47/releases pageSize=10&pageToken=
[debug] [2025-02-13T02:33:33.452Z] <<< [apiv2][status] GET https://firebaserules.googleapis.com/v1/projects/inventory-management-dfb47/releases 200
[debug] [2025-02-13T02:33:33.452Z] <<< [apiv2][body] GET https://firebaserules.googleapis.com/v1/projects/inventory-management-dfb47/releases {"releases":[{"name":"projects/inventory-management-dfb47/releases/cloud.firestore","rulesetName":"projects/inventory-management-dfb47/rulesets/9c249339-709e-49f5-afde-8af1f0340422","createTime":"2025-02-13T02:32:21.602560Z","updateTime":"2025-02-13T02:32:21.602560Z"}]}
[debug] [2025-02-13T02:33:33.452Z] Found ruleset: projects/inventory-management-dfb47/rulesets/9c249339-709e-49f5-afde-8af1f0340422
[debug] [2025-02-13T02:33:33.453Z] Checked if tokens are valid: true, expires at: 1739417367227
[debug] [2025-02-13T02:33:33.453Z] Checked if tokens are valid: true, expires at: 1739417367227
[debug] [2025-02-13T02:33:33.453Z] >>> [apiv2][query] GET https://firebaserules.googleapis.com/v1/projects/inventory-management-dfb47/rulesets/9c249339-709e-49f5-afde-8af1f0340422 [none]
[debug] [2025-02-13T02:33:34.753Z] <<< [apiv2][status] GET https://firebaserules.googleapis.com/v1/projects/inventory-management-dfb47/rulesets/9c249339-709e-49f5-afde-8af1f0340422 200
[debug] [2025-02-13T02:33:34.754Z] <<< [apiv2][body] GET https://firebaserules.googleapis.com/v1/projects/inventory-management-dfb47/rulesets/9c249339-709e-49f5-afde-8af1f0340422 [omitted]
[info] 
[info] Firestore indexes allow you to perform complex queries while
[info] maintaining performance that scales with the size of the result
[info] set. You can keep index definitions in your project directory
[info] and publish them with firebase deploy.
[info] 
[debug] [2025-02-13T02:33:36.668Z] Checked if tokens are valid: true, expires at: 1739417367227
[debug] [2025-02-13T02:33:36.669Z] Checked if tokens are valid: true, expires at: 1739417367227
[debug] [2025-02-13T02:33:36.669Z] Checked if tokens are valid: true, expires at: 1739417367227
[debug] [2025-02-13T02:33:36.669Z] Checked if tokens are valid: true, expires at: 1739417367227
[debug] [2025-02-13T02:33:36.669Z] >>> [apiv2][query] GET https://firestore.googleapis.com/v1/projects/inventory-management-dfb47/databases/(default)/collectionGroups/-/indexes [none]
[debug] [2025-02-13T02:33:36.672Z] >>> [apiv2][query] GET https://firestore.googleapis.com/v1/projects/inventory-management-dfb47/databases/(default)/collectionGroups/-/fields?filter=indexConfig.usesAncestorConfig=false OR ttlConfig:* [none]
[debug] [2025-02-13T02:33:38.406Z] <<< [apiv2][status] GET https://firestore.googleapis.com/v1/projects/inventory-management-dfb47/databases/(default)/collectionGroups/-/indexes 200
[debug] [2025-02-13T02:33:38.406Z] <<< [apiv2][body] GET https://firestore.googleapis.com/v1/projects/inventory-management-dfb47/databases/(default)/collectionGroups/-/indexes {}
[debug] [2025-02-13T02:33:38.677Z] <<< [apiv2][status] GET https://firestore.googleapis.com/v1/projects/inventory-management-dfb47/databases/(default)/collectionGroups/-/fields?filter=indexConfig.usesAncestorConfig=false OR ttlConfig:* 200
[debug] [2025-02-13T02:33:38.677Z] <<< [apiv2][body] GET https://firestore.googleapis.com/v1/projects/inventory-management-dfb47/databases/(default)/collectionGroups/-/fields?filter=indexConfig.usesAncestorConfig=false OR ttlConfig:* {"fields":[{"name":"projects/inventory-management-dfb47/databases/(default)/collectionGroups/__default__/fields/*","indexConfig":{"indexes":[{"queryScope":"COLLECTION","fields":[{"fieldPath":"*","order":"ASCENDING"}],"state":"READY"},{"queryScope":"COLLECTION","fields":[{"fieldPath":"*","order":"DESCENDING"}],"state":"READY"},{"queryScope":"COLLECTION","fields":[{"fieldPath":"*","arrayConfig":"CONTAINS"}],"state":"READY"}]}}]}
[info] 
=== Apphosting Setup
[debug] [2025-02-13T02:33:38.680Z] Checked if tokens are valid: true, expires at: 1739417367227
[debug] [2025-02-13T02:33:38.680Z] Checked if tokens are valid: true, expires at: 1739417367227
[debug] [2025-02-13T02:33:38.680Z] >>> [apiv2][query] GET https://cloudbilling.googleapis.com/v1/projects/inventory-management-dfb47/billingInfo [none]
[debug] [2025-02-13T02:33:40.219Z] <<< [apiv2][status] GET https://cloudbilling.googleapis.com/v1/projects/inventory-management-dfb47/billingInfo 200
[debug] [2025-02-13T02:33:40.219Z] <<< [apiv2][body] GET https://cloudbilling.googleapis.com/v1/projects/inventory-management-dfb47/billingInfo {"name":"projects/inventory-management-dfb47/billingInfo","projectId":"inventory-management-dfb47","billingAccountName":"","billingEnabled":false}
[info] i  Writing default settings to apphosting.yaml... 
[info] +  Wrote apphosting.yaml 
[info] +  Create a new App Hosting backend with `firebase apphosting:backends:create` 
[info] 
=== Hosting Setup
[debug] [2025-02-13T02:33:40.226Z] Checked if tokens are valid: true, expires at: 1739417367227
[debug] [2025-02-13T02:33:40.226Z] Checked if tokens are valid: true, expires at: 1739417367227
[debug] [2025-02-13T02:33:40.226Z] >>> [apiv2][query] GET https://firebase.googleapis.com/v1beta1/projects/inventory-management-dfb47 [none]
[debug] [2025-02-13T02:33:40.719Z] <<< [apiv2][status] GET https://firebase.googleapis.com/v1beta1/projects/inventory-management-dfb47 200
[debug] [2025-02-13T02:33:40.719Z] <<< [apiv2][body] GET https://firebase.googleapis.com/v1beta1/projects/inventory-management-dfb47 {"projectId":"inventory-management-dfb47","projectNumber":"270920765782","displayName":"inventory-management","name":"projects/inventory-management-dfb47","resources":{"hostingSite":"inventory-management-dfb47","realtimeDatabaseInstance":"inventory-management-dfb47-default-rtdb"},"state":"ACTIVE","etag":"1_9537525b-6667-4e44-9af4-3dad019fe9fd"}
[info] 
[info] Your public directory is the folder (relative to your project directory) that
[info] will contain Hosting assets to be uploaded with firebase deploy. If you
[info] have a build process for your assets, use your build's output directory.
[info] 
[debug] [2025-02-13T02:33:57.784Z] >>> [apiv2][query] GET https://www.gstatic.com/firebasejs/releases.json [none]
[debug] [2025-02-13T02:33:57.961Z] <<< [apiv2][status] GET https://www.gstatic.com/firebasejs/releases.json 200
[debug] [2025-02-13T02:33:57.962Z] <<< [apiv2][body] GET https://www.gstatic.com/firebasejs/releases.json {"current":{"version":"11.3.1","browserURL":"https://www.gstatic.com/firebasejs/11.3.1/firebase.js","packageURL":"https://www.gstatic.com/firebasejs/11.3.1/firebase.tgz"},"live":{"version":"11.3","browserURL":"https://www.gstatic.com/firebasejs/live/11.3/firebase.js","packageURL":"https://www.gstatic.com/firebasejs/live/11.3/firebase.tgz"},"components":{"analytics":"https://www.gstatic.com/firebasejs/11.3.1/firebase-analytics.js","app":"https://www.gstatic.com/firebasejs/11.3.1/firebase-app.js","app-check":"https://www.gstatic.com/firebasejs/11.3.1/firebase-app-check.js","auth":"https://www.gstatic.com/firebasejs/11.3.1/firebase-auth.js","auth/cordova":"https://www.gstatic.com/firebasejs/11.3.1/firebase-auth/cordova.js","auth/web-extension":"https://www.gstatic.com/firebasejs/11.3.1/firebase-auth/web-extension.js","functions":"https://www.gstatic.com/firebasejs/11.3.1/firebase-functions.js","firestore":"https://www.gstatic.com/firebasejs/11.3.1/firebase-firestore.js","firestore/lite":"https://www.gstatic.com/firebasejs/11.3.1/firebase-firestore/lite.js","installations":"https://www.gstatic.com/firebasejs/11.3.1/firebase-installations.js","storage":"https://www.gstatic.com/firebasejs/11.3.1/firebase-storage.js","performance":"https://www.gstatic.com/firebasejs/11.3.1/firebase-performance.js","remote-config":"https://www.gstatic.com/firebasejs/11.3.1/firebase-remote-config.js","messaging":"https://www.gstatic.com/firebasejs/11.3.1/firebase-messaging.js","messaging/sw":"https://www.gstatic.com/firebasejs/11.3.1/firebase-messaging/sw.js","database":"https://www.gstatic.com/firebasejs/11.3.1/firebase-database.js","vertexai":"https://www.gstatic.com/firebasejs/11.3.1/firebase-vertexai.js","data-connect":"https://www.gstatic.com/firebasejs/11.3.1/firebase-data-connect.js","firestore.memory":"https://www.gstatic.com/firebasejs/11.3.1/firebase-firestore.memory.js"}}
[info] +  Wrote public/index.html 
[info] 
[info] i  Detected a .git folder at D:\Angular Assessment-3 Palak\Inventory-Management 
[info] i  Authorizing with GitHub to upload your service account to a GitHub repository's secrets store. 
[info] 
[info] Visit this URL on this device to log in:
[info] https://github.com/login/oauth/authorize?client_id=89cf50f02ac6aaed3484&state=745996587&redirect_uri=http%3A%2F%2Flocalhost%3A9005&scope=read%3Auser%20repo%20public_repo
[info] 
[info] Waiting for authentication...
[debug] [2025-02-13T02:34:10.232Z] >>> [apiv2][query] POST https://github.com/login/oauth/access_token [none]
[debug] [2025-02-13T02:34:10.233Z] >>> [apiv2][body] POST https://github.com/login/oauth/access_token [stream]
[debug] [2025-02-13T02:34:10.642Z] <<< [apiv2][status] POST https://github.com/login/oauth/access_token 200
[debug] [2025-02-13T02:34:10.642Z] <<< [apiv2][body] POST https://github.com/login/oauth/access_token {"access_token":"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","token_type":"bearer","scope":"read:user,repo"}
[debug] [2025-02-13T02:34:10.650Z] >>> [apiv2][query] GET https://api.github.com/user [none]
[debug] [2025-02-13T02:34:11.031Z] <<< [apiv2][status] GET https://api.github.com/user 200
[debug] [2025-02-13T02:34:11.031Z] <<< [apiv2][body] GET https://api.github.com/user {"login":"palak8856","id":93634887,"node_id":"U_kgDOBZTBRw","avatar_url":"https://avatars.githubusercontent.com/u/93634887?v=4","gravatar_id":"","url":"https://api.github.com/users/palak8856","html_url":"https://github.com/palak8856","followers_url":"https://api.github.com/users/palak8856/followers","following_url":"https://api.github.com/users/palak8856/following{/other_user}","gists_url":"https://api.github.com/users/palak8856/gists{/gist_id}","starred_url":"https://api.github.com/users/palak8856/starred{/owner}{/repo}","subscriptions_url":"https://api.github.com/users/palak8856/subscriptions","organizations_url":"https://api.github.com/users/palak8856/orgs","repos_url":"https://api.github.com/users/palak8856/repos","events_url":"https://api.github.com/users/palak8856/events{/privacy}","received_events_url":"https://api.github.com/users/palak8856/received_events","type":"User","user_view_type":"private","site_admin":false,"name":null,"company":null,"blog":"","location":null,"email":null,"hireable":null,"bio":null,"twitter_username":null,"notification_email":null,"public_repos":14,"public_gists":0,"followers":0,"following":3,"created_at":"2021-11-03T04:19:10Z","updated_at":"2025-01-02T08:17:07Z","private_gists":0,"total_private_repos":8,"owned_private_repos":8,"disk_usage":9736,"collaborators":0,"two_factor_authentication":false,"plan":{"name":"free","space":976562499,"collaborators":0,"private_repos":10000}}
[info] 
[info] +  Success! Logged into GitHub as palak8856 
[info] 
[debug] [2025-02-13T02:36:09.202Z] >>> [apiv2][query] GET https://api.github.com/repos/palak8856/actions/secrets/public-key type=owner
[debug] [2025-02-13T02:36:09.553Z] <<< [apiv2][status] GET https://api.github.com/repos/palak8856/actions/secrets/public-key 404
[debug] [2025-02-13T02:36:09.554Z] <<< [apiv2][body] GET https://api.github.com/repos/palak8856/actions/secrets/public-key {"message":"Not Found","documentation_url":"https://docs.github.com/rest","status":"404"}
[info] 
[info] 
[error] !  The provided authorization cannot be used with this repository. If this repository is in an organization, did you remember to grant access? 
[info] 
[info] i  Action required: Visit this URL to ensure access has been granted to the appropriate organization(s) for the Firebase CLI GitHub OAuth App: 
[info] https://github.com/settings/connections/applications/89cf50f02ac6aaed3484
[info] 
[debug] [2025-02-13T02:36:12.173Z] >>> [apiv2][query] GET https://api.github.com/repos/palak8856/actions/secrets/public-key type=owner
[debug] [2025-02-13T02:36:12.441Z] <<< [apiv2][status] GET https://api.github.com/repos/palak8856/actions/secrets/public-key 404
[debug] [2025-02-13T02:36:12.442Z] <<< [apiv2][body] GET https://api.github.com/repos/palak8856/actions/secrets/public-key {"message":"Not Found","documentation_url":"https://docs.github.com/rest","status":"404"}
[info] 
[info] 
[error] !  The provided authorization cannot be used with this repository. If this repository is in an organization, did you remember to grant access? 
[info] 
[info] i  Action required: Visit this URL to ensure access has been granted to the appropriate organization(s) for the Firebase CLI GitHub OAuth App: 
[info] https://github.com/settings/connections/applications/89cf50f02ac6aaed3484
[info] 
[debug] [2025-02-13T02:37:31.438Z] >>> [apiv2][query] GET https://api.github.com/repos/palak8856/github.com/palak8856/Inventory-management/tree/master/actions/secrets/public-key type=owner
[debug] [2025-02-13T02:37:31.809Z] <<< [apiv2][status] GET https://api.github.com/repos/palak8856/github.com/palak8856/Inventory-management/tree/master/actions/secrets/public-key 404
[debug] [2025-02-13T02:37:31.809Z] <<< [apiv2][body] GET https://api.github.com/repos/palak8856/github.com/palak8856/Inventory-management/tree/master/actions/secrets/public-key {"message":"Not Found","documentation_url":"https://docs.github.com/rest","status":"404"}
[info] 
[info] 
[error] !  The provided authorization cannot be used with this repository. If this repository is in an organization, did you remember to grant access? 
[info] 
[info] i  Action required: Visit this URL to ensure access has been granted to the appropriate organization(s) for the Firebase CLI GitHub OAuth App: 
[info] https://github.com/settings/connections/applications/89cf50f02ac6aaed3484
[info] 
[debug] [2025-02-13T02:37:37.282Z] >>> [apiv2][query] GET https://api.github.com/repos/palak8856/github.com/palak8856/Inventory-management/tree/master/actions/secrets/public-key type=owner
[debug] [2025-02-13T02:37:37.659Z] <<< [apiv2][status] GET https://api.github.com/repos/palak8856/github.com/palak8856/Inventory-management/tree/master/actions/secrets/public-key 404
[debug] [2025-02-13T02:37:37.660Z] <<< [apiv2][body] GET https://api.github.com/repos/palak8856/github.com/palak8856/Inventory-management/tree/master/actions/secrets/public-key {"message":"Not Found","documentation_url":"https://docs.github.com/rest","status":"404"}
[info] 
[info] 
[error] !  The provided authorization cannot be used with this repository. If this repository is in an organization, did you remember to grant access? 
[info] 
[info] i  Action required: Visit this URL to ensure access has been granted to the appropriate organization(s) for the Firebase CLI GitHub OAuth App: 
[info] https://github.com/settings/connections/applications/89cf50f02ac6aaed3484
[info] 
